{"logTime": "0510/011803", "correlationVector":"+ieReu0k385IENOuzQL+9/.1","action":"SyncServerConnectionManagerRequest", "result":"SYNC_SERVER_OK", "context":{"environment":"Prod_EastUS2_000e", "migrationStage":"NotStarted", "server":"GENERAL0100001Z"}}
{"logTime": "0510/011803", "correlationVector":"+ieReu0k385IENOuzQL+9/","action":"Initial GetUpdates", "result":"", "context":Reason: NEW_CLIENT. cV=+ieReu0k385IENOuzQL+9/}
{"logTime": "0510/011803", "correlationVector":"+ieReu0k385IENOuzQL+9/.2","action":"GetUpdates Response", "result":"Success", "context":Received 1 update(s). cV=+ieReu0k385IENOuzQL+9/.0;server=GENERAL0100001Z;cloudType=Consumer;environment=Prod_EastUS2_000e;migrationStage=NotStarted}
{"logTime": "0510/011806", "correlationVector":"L7mgkmRNv4v7FzsKPDeP/e","action":"SyncServerConnectionManagerRequest", "result":"SYNC_SERVER_OK", "context":{"environment":"", "migrationStage":"", "server":""}}
{"logTime": "0510/011806", "correlationVector":"nxEF5GO5UOGcyrliI0dCAz","action":"Normal GetUpdate request", "result":"", "context":cV=nxEF5GO5UOGcyrliI0dCAz
Refresh requested types: Encryption Keys}
{"logTime": "0510/011806", "correlationVector":"nxEF5GO5UOGcyrliI0dCAz.1","action":"SyncServerConnectionManagerRequest", "result":"SYNC_SERVER_OK", "context":{"environment":"Prod_EastUS2_000e", "migrationStage":"NotStarted", "server":"GENERAL0100002N"}}
{"logTime": "0510/011806", "correlationVector":"nxEF5GO5UOGcyrliI0dCAz.2","action":"GetUpdates Response", "result":"Success", "context":Received 0 update(s). cV=nxEF5GO5UOGcyrliI0dCAz.0;server=GENERAL0100002N;cloudType=Consumer;environment=Prod_EastUS2_000e;migrationStage=NotStarted}
{"logTime": "0510/011806", "correlationVector":"+ETa7QYm0HmQ0gv3E4z2jW","action":"Normal GetUpdate request", "result":"", "context":cV=+ETa7QYm0HmQ0gv3E4z2jW
Refresh requested types: Encryption Keys}
{"logTime": "0510/011806", "correlationVector":"+ETa7QYm0HmQ0gv3E4z2jW.1","action":"SyncServerConnectionManagerRequest", "result":"SYNC_SERVER_OK", "context":{"environment":"Prod_EastUS2_000e", "migrationStage":"NotStarted", "server":"general0100002S"}}
{"logTime": "0510/011806", "correlationVector":"+ETa7QYm0HmQ0gv3E4z2jW.2","action":"GetUpdates Response", "result":"Success", "context":Received 0 update(s). cV=+ETa7QYm0HmQ0gv3E4z2jW.0;server=general0100002S;cloudType=Consumer;environment=Prod_EastUS2_000e;migrationStage=NotStarted}
{"logTime": "0510/012300", "correlationVector":"Eop0hGofocz6U/hh93eXyC","action":"Normal GetUpdate request", "result":"", "context":cV=Eop0hGofocz6U/hh93eXyC
Refresh requested types: Encryption Keys}
{"logTime": "0510/012301", "correlationVector":"Eop0hGofocz6U/hh93eXyC.1","action":"SyncServerConnectionManagerRequest", "result":"SYNC_SERVER_OK", "context":{"environment":"Prod_EastUS2_000e", "migrationStage":"NotStarted", "server":"GENERAL0100001M"}}
{"logTime": "0510/012301", "correlationVector":"Eop0hGofocz6U/hh93eXyC.2","action":"GetUpdates Response", "result":"Success", "context":Received 0 update(s). cV=Eop0hGofocz6U/hh93eXyC.0;server=GENERAL0100001M;cloudType=Consumer;environment=Prod_EastUS2_000e;migrationStage=NotStarted}
{"logTime": "0510/123030", "correlationVector":"DoUwGlnoDvcKBOLST1tdKt.1","action":"SyncServerConnectionManagerRequest", "result":"SYNC_SERVER_OK", "context":{"environment":"Prod_SouthCentralUS_000i", "migrationStage":"NotStarted", "server":"GENERAL01000018"}}
{"logTime": "0510/123030", "correlationVector":"DoUwGlnoDvcKBOLST1tdKt","action":"Initial GetUpdates", "result":"", "context":Reason: NEW_CLIENT. cV=DoUwGlnoDvcKBOLST1tdKt}
{"logTime": "0510/123030", "correlationVector":"DoUwGlnoDvcKBOLST1tdKt.2","action":"GetUpdates Response", "result":"Success", "context":Received 1 update(s). cV=DoUwGlnoDvcKBOLST1tdKt.0;server=GENERAL01000018;cloudType=Consumer;environment=Prod_SouthCentralUS_000i;migrationStage=NotStarted}
{"logTime": "0510/123030", "correlationVector":"deM1bCnnv8YCHO3/3E97sx","action":"SyncServerConnectionManagerRequest", "result":"SYNC_SERVER_OK", "context":{"environment":"", "migrationStage":"", "server":""}}
{"logTime": "0510/123030", "correlationVector":"US3R6KR28DpT15V96cWF/1","action":"Initial GetUpdates", "result":"", "context":Reason: PROGRAMMATIC. cV=US3R6KR28DpT15V96cWF/1}
{"logTime": "0510/123030", "correlationVector":"US3R6KR28DpT15V96cWF/1.1","action":"SyncServerConnectionManagerRequest", "result":"SYNC_SERVER_OK", "context":{"environment":"Prod_SouthCentralUS_000i", "migrationStage":"NotStarted", "server":"GENERAL0100000I"}}
{"logTime": "0510/123030", "correlationVector":"US3R6KR28DpT15V96cWF/1.2","action":"GetUpdates", "result":"DeleteReceived", "context":{"id":"18caaf50-bcf6-44f4-8374-203776f02bc2", "isDeleted:":"true", "version":"1685066405861"}}
{"logTime": "0510/123030", "correlationVector":"US3R6KR28DpT15V96cWF/1.3","action":"GetUpdates", "result":"DeleteReceived", "context":{"id":"7344e4e1-c32e-4793-9d3f-d9db048496ff", "isDeleted:":"true", "version":"1685066405872"}}
{"logTime": "0510/123030", "correlationVector":"US3R6KR28DpT15V96cWF/1.4","action":"GetUpdates", "result":"DeleteReceived", "context":{"id":"66ae20d7-3c04-4dc7-950d-5ecde1494cab", "isDeleted:":"true", "version":"1685066405876"}}
{"logTime": "0510/123030", "correlationVector":"US3R6KR28DpT15V96cWF/1.5","action":"GetUpdates", "result":"DeleteReceived", "context":{"id":"e842a732-8291-4976-b1d7-5fd519f971ab", "isDeleted:":"true", "version":"1685066405879"}}
{"logTime": "0510/123030", "correlationVector":"US3R6KR28DpT15V96cWF/1.6","action":"GetUpdates", "result":"DeleteReceived", "context":{"id":"a3725837-35cd-4c24-85eb-f753655c108e", "isDeleted:":"true", "version":"1685066406835"}}
{"logTime": "0510/123030", "correlationVector":"US3R6KR28DpT15V96cWF/1.7","action":"GetUpdates", "result":"DeleteReceived", "context":{"id":"2cc3120a-cfa5-4c33-b6ef-f919cfbd9078", "isDeleted:":"true", "version":"1685066406843"}}
{"logTime": "0510/123030", "correlationVector":"US3R6KR28DpT15V96cWF/1.8","action":"GetUpdates", "result":"DeleteReceived", "context":{"id":"5e4410d6-d26f-40a3-8a5a-0a1a4ba114b4", "isDeleted:":"true", "version":"1685066406846"}}
{"logTime": "0510/123030", "correlationVector":"US3R6KR28DpT15V96cWF/1.9","action":"GetUpdates", "result":"DeleteReceived", "context":{"id":"51376845-aa6e-44af-a8ef-513b781aa690", "isDeleted:":"true", "version":"1685066406848"}}
{"logTime": "0510/123030", "correlationVector":"US3R6KR28DpT15V96cWF/1.10","action":"GetUpdates", "result":"DeleteReceived", "context":{"id":"a9298456-7a3f-49c6-96d7-dd81c3b3ced6", "isDeleted:":"true", "version":"1685066406849"}}
{"logTime": "0510/123030", "correlationVector":"US3R6KR28DpT15V96cWF/1.11","action":"GetUpdates", "result":"DeleteReceived", "context":{"id":"ed2acac6-01dc-43e0-8f4d-c8d864a5db40", "isDeleted:":"true", "version":"1705013867170"}}
{"logTime": "0510/123030", "correlationVector":"US3R6KR28DpT15V96cWF/1.12","action":"GetUpdates Response", "result":"Success", "context":Received 69 update(s). cV=US3R6KR28DpT15V96cWF/1.0;server=GENERAL0100000I;cloudType=Consumer;environment=Prod_SouthCentralUS_000i;migrationStage=NotStarted}
{"logTime": "0510/123030", "correlationVector":"VUG0NgLsyD1JUk0XQ9WDPp","action":"Initial GetUpdates", "result":"", "context":Reason: NEWLY_SUPPORTED_DATATYPE. cV=VUG0NgLsyD1JUk0XQ9WDPp}
{"logTime": "0510/123030", "correlationVector":"VUG0NgLsyD1JUk0XQ9WDPp.1","action":"SyncServerConnectionManagerRequest", "result":"SYNC_SERVER_OK", "context":{"environment":"Prod_SouthCentralUS_000i", "migrationStage":"NotStarted", "server":"GENERAL0100001H"}}
{"logTime": "0510/123030", "correlationVector":"VUG0NgLsyD1JUk0XQ9WDPp.2","action":"GetUpdates Response", "result":"Success", "context":Received 47 update(s). cV=VUG0NgLsyD1JUk0XQ9WDPp.0;server=GENERAL0100001H;cloudType=Consumer;environment=Prod_SouthCentralUS_000i;migrationStage=NotStarted}
{"logTime": "0510/123030", "correlationVector":"DNM+IZbqNLtM9+7b3p0y5R","action":"Initial GetUpdates", "result":"", "context":Reason: NEWLY_SUPPORTED_DATATYPE. cV=DNM+IZbqNLtM9+7b3p0y5R}
{"logTime": "0510/123030", "correlationVector":"DNM+IZbqNLtM9+7b3p0y5R.1","action":"SyncServerConnectionManagerRequest", "result":"SYNC_SERVER_OK", "context":{"environment":"Prod_SouthCentralUS_000i", "migrationStage":"NotStarted", "server":"GENERAL01000019"}}
{"logTime": "0510/123030", "correlationVector":"DNM+IZbqNLtM9+7b3p0y5R.2","action":"GetUpdates Response", "result":"Success", "context":Received 4 update(s). cV=DNM+IZbqNLtM9+7b3p0y5R.0;server=GENERAL01000019;cloudType=Consumer;environment=Prod_SouthCentralUS_000i;migrationStage=NotStarted}
{"logTime": "0510/123030", "correlationVector":"ea7xaKvvThfMnhULnt05BT","action":"Normal GetUpdate request", "result":"", "context":cV=ea7xaKvvThfMnhULnt05BT
Refresh requested types: Bookmarks, Passwords, Autofill Profiles, Autofill, Typed URLs, Edge Wallet, Encryption Keys}
{"logTime": "0510/123031", "correlationVector":"ea7xaKvvThfMnhULnt05BT.1","action":"SyncServerConnectionManagerRequest", "result":"SYNC_SERVER_OK", "context":{"environment":"Prod_SouthCentralUS_000i", "migrationStage":"NotStarted", "server":"GENERAL01000007"}}
{"logTime": "0510/123031", "correlationVector":"ea7xaKvvThfMnhULnt05BT.2","action":"GetUpdates Response", "result":"Success", "context":Received 0 update(s). cV=ea7xaKvvThfMnhULnt05BT.0;server=GENERAL01000007;cloudType=Consumer;environment=Prod_SouthCentralUS_000i;migrationStage=NotStarted}
{"logTime": "0510/123031", "correlationVector":"hiVZtjBCzXmQU9Xeez0NEV","action":"Poll GetUpdate request", "result":"", "context":cV=hiVZtjBCzXmQU9Xeez0NEV}
{"logTime": "0510/123031", "correlationVector":"hiVZtjBCzXmQU9Xeez0NEV.1","action":"SyncServerConnectionManagerRequest", "result":"SYNC_SERVER_OK", "context":{"environment":"Prod_SouthCentralUS_000i", "migrationStage":"NotStarted", "server":"GENERAL01000017"}}
{"logTime": "0510/123031", "correlationVector":"hiVZtjBCzXmQU9Xeez0NEV.2","action":"GetUpdates Response", "result":"Success", "context":Received 0 update(s). cV=hiVZtjBCzXmQU9Xeez0NEV.0;server=GENERAL01000017;cloudType=Consumer;environment=Prod_SouthCentralUS_000i;migrationStage=NotStarted}
{"logTime": "0510/123033", "correlationVector":"RDSulDVhBcm1M3s89RUFEw","action":"Normal GetUpdate request", "result":"", "context":cV=RDSulDVhBcm1M3s89RUFEw
Nudged types: Bookmarks}
{"logTime": "0510/123033", "correlationVector":"RDSulDVhBcm1M3s89RUFEw.1","action":"SyncServerConnectionManagerRequest", "result":"SYNC_SERVER_OK", "context":{"environment":"Prod_SouthCentralUS_000i", "migrationStage":"NotStarted", "server":"GENERAL0100000Z"}}
{"logTime": "0510/123033", "correlationVector":"RDSulDVhBcm1M3s89RUFEw.2","action":"GetUpdates Response", "result":"Success", "context":Received 0 update(s). cV=RDSulDVhBcm1M3s89RUFEw.0;server=GENERAL0100000Z;cloudType=Consumer;environment=Prod_SouthCentralUS_000i;migrationStage=NotStarted}
{"logTime": "0510/123033", "correlationVector":"FThZoL3NzGylrr095CseBV","action":"Commit Request", "result":"", "context":Item count: 2
Contributing types: Bookmarks}
{"logTime": "0510/123033", "correlationVector":"FThZoL3NzGylrr095CseBV.1","action":"SyncServerConnectionManagerRequest", "result":"SYNC_SERVER_OK", "context":{"environment":"Prod_SouthCentralUS_000i", "migrationStage":"NotStarted", "server":"GENERAL0100001I"}}
{"logTime": "0510/123033", "correlationVector":"FThZoL3NzGylrr095CseBV.2","action":"Commit Response", "result":"Success", "context":Result: Success. cV=FThZoL3NzGylrr095CseBV.0;server=GENERAL0100001I;cloudType=Consumer;environment=Prod_SouthCentralUS_000i;migrationStage=NotStarted}
